2020-02-25T09:09:48+00:00 CRITICAL Uncaught Error: Call to a member function register() on null in /srv/www/wp-content/plugins/jetpack/class.jetpack.php:5294
Stack trace:
#0 /srv/www/wp-content/plugins/jetpack/class.jetpack.php(3395): Jetpack::register()
#1 /srv/www/wp-content/plugins/woocommerce/includes/admin/class-wc-admin-setup-wizard.php(2404): Jetpack::try_registration()
#2 /srv/www/wp-content/plugins/woocommerce/includes/admin/class-wc-admin-setup-wizard.php(326): WC_Admin_Setup_Wizard->wc_setup_activate_save(Object(WC_Admin_Setup_Wizard))
#3 /srv/www/wp-includes/class-wp-hook.php(288): WC_Admin_Setup_Wizard->setup_wizard('')
#4 /srv/www/wp-includes/class-wp-hook.php(312): WP_Hook->apply_filters(NULL, Array)
#5 /srv/www/wp-includes/plugin.php(478): WP_Hook->do_action(Array)
#6 /srv/www/wp-admin/admin.php(170): do_action('admin_init')
#7 /srv/www/wp-admin/index.php(10): require_once('/srv/www/wp-adm...')
#8 {main}
  thrown в /srv/www/wp-content/plugins/jetpack/class.jetpack.php на строке 5294

2020-02-25T11:02:42+00:00 CRITICAL syntax error, unexpected end of file, expecting elseif (T_ELSEIF) or else (T_ELSE) or endif (T_ENDIF) в /srv/www/wp-content/themes/shop-new/header.php на строке 37

2020-02-25T11:44:54+00:00 CRITICAL Uncaught Error: Call to undefined function twentynineteen_the_posts_navigation() in /srv/www/wp-content/themes/shop-new/index.php:21
Stack trace:
#0 /srv/www/wp-includes/template-loader.php(98): include()
#1 /srv/www/wp-blog-header.php(19): require_once('/srv/www/wp-inc...')
#2 /srv/www/index.php(17): require('/srv/www/wp-blo...')
#3 {main}
  thrown в /srv/www/wp-content/themes/shop-new/index.php на строке 21

